<?xml version="1.0" encoding="UTF-8"?>
<testng-results ignored="0" total="5" passed="4" failed="1" skipped="0">
  <reporter-output>
  </reporter-output>
  <suite started-at="2021-01-12T20:04:50 IST" name="Default suite" finished-at="2021-01-12T20:10:15 IST" duration-ms="325559">
    <groups>
      <group name="cucumber">
        <method signature="AbstractTestNGCucumberTests.feature(cucumber.api.testng.CucumberFeatureWrapper)[pri:0, instance:CucumberTest.TestRunner1@29e495ff]" name="feature" class="cucumber.api.testng.AbstractTestNGCucumberTests"/>
      </group> <!-- cucumber -->
    </groups>
    <test started-at="2021-01-12T20:04:50 IST" name="Default test" finished-at="2021-01-12T20:10:15 IST" duration-ms="325559">
      <class name="CucumberTest.TestRunner1">
        <test-method is-config="true" signature="setUpClass()[pri:0, instance:CucumberTest.TestRunner1@29e495ff]" started-at="2021-01-12T20:04:50 IST" name="setUpClass" finished-at="2021-01-12T20:04:50 IST" duration-ms="237" status="PASS">
          <reporter-output>
          </reporter-output>
        </test-method> <!-- setUpClass -->
        <test-method signature="feature(cucumber.api.testng.CucumberFeatureWrapper)[pri:0, instance:CucumberTest.TestRunner1@29e495ff]" started-at="2021-01-12T20:04:50 IST" name="feature" description="Runs Cucumber Feature" data-provider="features" finished-at="2021-01-12T20:07:23 IST" duration-ms="153414" status="PASS">
          <params>
            <param index="0">
              <value>
                <![CDATA[Buy the products]]>
              </value>
            </param>
          </params>
          <reporter-output>
          </reporter-output>
        </test-method> <!-- feature -->
        <test-method signature="feature(cucumber.api.testng.CucumberFeatureWrapper)[pri:0, instance:CucumberTest.TestRunner1@29e495ff]" started-at="2021-01-12T20:07:24 IST" name="feature" description="Runs Cucumber Feature" data-provider="features" finished-at="2021-01-12T20:07:41 IST" duration-ms="17466" status="FAIL">
          <params>
            <param index="0">
              <value>
                <![CDATA[Continue with google]]>
              </value>
            </param>
          </params>
          <exception class="cucumber.runtime.CucumberException">
            <message>
              <![CDATA[junit.framework.ComparisonFailure: expected:<[Sign in or Register | eBay]> but was:<[Unable To Identify Your Browser]>]]>
            </message>
            <full-stacktrace>
              <![CDATA[cucumber.runtime.CucumberException: junit.framework.ComparisonFailure: expected:<[Sign in or Register | eBay]> but was:<[Unable To Identify Your Browser]>
at cucumber.api.testng.TestNGCucumberRunner.runCucumber(TestNGCucumberRunner.java:69)
at cucumber.api.testng.AbstractTestNGCucumberTests.feature(AbstractTestNGCucumberTests.java:21)
at java.base/jdk.internal.reflect.NativeMethodAccessorImpl.invoke0(Native Method)
at java.base/jdk.internal.reflect.NativeMethodAccessorImpl.invoke(NativeMethodAccessorImpl.java:64)
at java.base/jdk.internal.reflect.DelegatingMethodAccessorImpl.invoke(DelegatingMethodAccessorImpl.java:43)
at java.base/java.lang.reflect.Method.invoke(Method.java:564)
at org.testng.internal.MethodInvocationHelper.invokeMethod(MethodInvocationHelper.java:132)
at org.testng.internal.TestInvoker.invokeMethod(TestInvoker.java:599)
at org.testng.internal.TestInvoker.invokeTestMethod(TestInvoker.java:174)
at org.testng.internal.MethodRunner.runInSequence(MethodRunner.java:46)
at org.testng.internal.TestInvoker$MethodInvocationAgent.invoke(TestInvoker.java:822)
at org.testng.internal.TestInvoker.invokeTestMethods(TestInvoker.java:147)
at org.testng.internal.TestMethodWorker.invokeTestMethods(TestMethodWorker.java:146)
at org.testng.internal.TestMethodWorker.run(TestMethodWorker.java:128)
at java.base/java.util.ArrayList.forEach(ArrayList.java:1511)
at org.testng.TestRunner.privateRun(TestRunner.java:764)
at org.testng.TestRunner.run(TestRunner.java:585)
at org.testng.SuiteRunner.runTest(SuiteRunner.java:384)
at org.testng.SuiteRunner.runSequentially(SuiteRunner.java:378)
at org.testng.SuiteRunner.privateRun(SuiteRunner.java:337)
at org.testng.SuiteRunner.run(SuiteRunner.java:286)
at org.testng.SuiteRunnerWorker.runSuite(SuiteRunnerWorker.java:53)
at org.testng.SuiteRunnerWorker.run(SuiteRunnerWorker.java:96)
at org.testng.TestNG.runSuitesSequentially(TestNG.java:1218)
at org.testng.TestNG.runSuitesLocally(TestNG.java:1140)
at org.testng.TestNG.runSuites(TestNG.java:1069)
at org.testng.TestNG.run(TestNG.java:1037)
at org.testng.remote.AbstractRemoteTestNG.run(AbstractRemoteTestNG.java:115)
at org.testng.remote.RemoteTestNG.initAndRun(RemoteTestNG.java:251)
at org.testng.remote.RemoteTestNG.main(RemoteTestNG.java:77)
Caused by: junit.framework.ComparisonFailure: expected:<[Sign in or Register | eBay]> but was:<[Unable To Identify Your Browser]>
at junit.framework.Assert.assertEquals(Assert.java:100)
at junit.framework.Assert.assertEquals(Assert.java:107)
at StepDefinition.StepDefinition.sign_in_or_register_page_will_open(StepDefinition.java:251)
at ✽.And sign in or register page will open(Features/ContinueWithGoogle.feature:8)
]]>
            </full-stacktrace>
          </exception> <!-- cucumber.runtime.CucumberException -->
          <reporter-output>
          </reporter-output>
        </test-method> <!-- feature -->
        <test-method signature="feature(cucumber.api.testng.CucumberFeatureWrapper)[pri:0, instance:CucumberTest.TestRunner1@29e495ff]" started-at="2021-01-12T20:07:41 IST" name="feature" description="Runs Cucumber Feature" data-provider="features" finished-at="2021-01-12T20:08:33 IST" duration-ms="52323" status="PASS">
          <params>
            <param index="0">
              <value>
                <![CDATA[Daily Deals]]>
              </value>
            </param>
          </params>
          <reporter-output>
          </reporter-output>
        </test-method> <!-- feature -->
        <test-method signature="feature(cucumber.api.testng.CucumberFeatureWrapper)[pri:0, instance:CucumberTest.TestRunner1@29e495ff]" started-at="2021-01-12T20:08:33 IST" name="feature" description="Runs Cucumber Feature" data-provider="features" finished-at="2021-01-12T20:09:19 IST" duration-ms="45860" status="PASS">
          <params>
            <param index="0">
              <value>
                <![CDATA[Help and contact]]>
              </value>
            </param>
          </params>
          <reporter-output>
          </reporter-output>
        </test-method> <!-- feature -->
        <test-method signature="feature(cucumber.api.testng.CucumberFeatureWrapper)[pri:0, instance:CucumberTest.TestRunner1@29e495ff]" started-at="2021-01-12T20:09:19 IST" name="feature" description="Runs Cucumber Feature" data-provider="features" finished-at="2021-01-12T20:10:15 IST" duration-ms="56058" status="PASS">
          <params>
            <param index="0">
              <value>
                <![CDATA[Sell]]>
              </value>
            </param>
          </params>
          <reporter-output>
          </reporter-output>
        </test-method> <!-- feature -->
        <test-method is-config="true" signature="tearDownClass()[pri:0, instance:CucumberTest.TestRunner1@29e495ff]" started-at="2021-01-12T20:10:15 IST" name="tearDownClass" finished-at="2021-01-12T20:10:15 IST" duration-ms="6" status="PASS">
          <reporter-output>
          </reporter-output>
        </test-method> <!-- tearDownClass -->
      </class> <!-- CucumberTest.TestRunner1 -->
    </test> <!-- Default test -->
  </suite> <!-- Default suite -->
</testng-results>
