<?xml version="1.0" encoding="UTF-8"?>
<testng-results ignored="0" total="0" passed="0" failed="0" skipped="0">
  <reporter-output>
  </reporter-output>
  <suite started-at="2021-01-05T14:50:20 IST" name="Default suite" finished-at="2021-01-05T14:50:21 IST" duration-ms="436">
    <groups>
      <group name="cucumber">
        <method signature="AbstractTestNGCucumberTests.runScenario(io.cucumber.testng.PickleWrapper, io.cucumber.testng.FeatureWrapper)[pri:0, instance:CucumberTest.TestRunner@3aefe5e5]" name="runScenario" class="io.cucumber.testng.AbstractTestNGCucumberTests"/>
      </group> <!-- cucumber -->
    </groups>
    <test started-at="2021-01-05T14:50:20 IST" name="Default test" finished-at="2021-01-05T14:50:21 IST" duration-ms="436">
      <class name="CucumberTest.TestRunner">
        <test-method is-config="true" signature="setUpClass()[pri:0, instance:CucumberTest.TestRunner@3aefe5e5]" started-at="2021-01-05T14:50:20 IST" name="setUpClass" finished-at="2021-01-05T14:50:21 IST" duration-ms="369" status="PASS">
          <reporter-output>
          </reporter-output>
        </test-method> <!-- setUpClass -->
        <test-method is-config="true" signature="tearDownClass()[pri:0, instance:CucumberTest.TestRunner@3aefe5e5]" started-at="2021-01-05T14:50:21 IST" name="tearDownClass" finished-at="2021-01-05T14:50:21 IST" duration-ms="21" status="PASS">
          <reporter-output>
          </reporter-output>
        </test-method> <!-- tearDownClass -->
      </class> <!-- CucumberTest.TestRunner -->
    </test> <!-- Default test -->
  </suite> <!-- Default suite -->
</testng-results>
